<?xml version="1.0" encoding="utf-8" standalone="no"?>
<!--This file represents the results of running a test suite-->
<test-results name="C:\Projetos\Encurtador URL\br.com.devdream.encurtador\br.com.devdream.util.teste\bin\Release\br.com.devdream.util.teste.dll" total="2" errors="0" failures="0" not-run="0" inconclusive="0" ignored="0" skipped="0" invalid="0" date="2011-07-19" time="14:05:32">
  <environment nunit-version="2.5.10.11092" clr-version="2.0.50727.5446" os-version="Microsoft Windows NT 6.1.7601 Service Pack 1" platform="Win32NT" cwd="C:\Program Files (x86)\NUnit 2.5.10\bin\net-2.0" machine-name="OSCAR-PC" user="oscar" user-domain="oscar-PC" />
  <culture-info current-culture="pt-BR" current-uiculture="pt-BR" />
  <test-suite type="Assembly" name="C:\Projetos\Encurtador URL\br.com.devdream.encurtador\br.com.devdream.util.teste\bin\Release\br.com.devdream.util.teste.dll" executed="True" result="Success" success="True" time="0.108" asserts="0">
    <results>
      <test-suite type="Namespace" name="br" executed="True" result="Success" success="True" time="0.095" asserts="0">
        <results>
          <test-suite type="Namespace" name="com" executed="True" result="Success" success="True" time="0.094" asserts="0">
            <results>
              <test-suite type="Namespace" name="devdream" executed="True" result="Success" success="True" time="0.094" asserts="0">
                <results>
                  <test-suite type="Namespace" name="util" executed="True" result="Success" success="True" time="0.094" asserts="0">
                    <results>
                      <test-suite type="Namespace" name="teste" executed="True" result="Success" success="True" time="0.094" asserts="0">
                        <results>
                          <test-suite type="TestFixture" name="ExtensaoString" executed="True" result="Success" success="True" time="0.091" asserts="0">
                            <results>
                              <test-case name="br.com.devdream.util.teste.ExtensaoString.AumentarUm" executed="True" result="Success" success="True" time="0.063" asserts="1" />
                              <test-case name="br.com.devdream.util.teste.ExtensaoString.TratarCaracteresEspeciais" executed="True" result="Success" success="True" time="0.000" asserts="0" />
                            </results>
                          </test-suite>
                        </results>
                      </test-suite>
                    </results>
                  </test-suite>
                </results>
              </test-suite>
            </results>
          </test-suite>
        </results>
      </test-suite>
    </results>
  </test-suite>
</test-results>