<?xml version="1.0" encoding="utf-8" standalone="no"?>
<!--This file represents the results of running a test suite-->
<test-results name="C:\Projetos\Encurtador URL\br.com.devdream.encurtador\br.com.devdream.encurtador.bo.teste\bin\Release\br.com.devdream.encurtador.bo.teste.dll" total="11" errors="0" failures="0" not-run="0" inconclusive="0" ignored="0" skipped="0" invalid="0" date="2011-07-19" time="12:12:18">
  <environment nunit-version="2.5.10.11092" clr-version="2.0.50727.5446" os-version="Microsoft Windows NT 6.1.7601 Service Pack 1" platform="Win32NT" cwd="C:\Windows\system32" machine-name="OSCAR-PC" user="oscar" user-domain="oscar-PC" />
  <culture-info current-culture="pt-BR" current-uiculture="pt-BR" />
  <test-suite type="Assembly" name="C:\Projetos\Encurtador URL\br.com.devdream.encurtador\br.com.devdream.encurtador.bo.teste\bin\Release\br.com.devdream.encurtador.bo.teste.dll" executed="True" result="Success" success="True" time="9.738" asserts="0">
    <results>
      <test-suite type="Namespace" name="br" executed="True" result="Success" success="True" time="9.706" asserts="0">
        <results>
          <test-suite type="Namespace" name="com" executed="True" result="Success" success="True" time="9.706" asserts="0">
            <results>
              <test-suite type="Namespace" name="devdream" executed="True" result="Success" success="True" time="9.705" asserts="0">
                <results>
                  <test-suite type="Namespace" name="encurtador" executed="True" result="Success" success="True" time="9.705" asserts="0">
                    <results>
                      <test-suite type="Namespace" name="bo" executed="True" result="Success" success="True" time="9.705" asserts="0">
                        <results>
                          <test-suite type="Namespace" name="teste" executed="True" result="Success" success="True" time="9.704" asserts="0">
                            <results>
                              <test-suite type="TestFixture" name="AcessoTeste" executed="True" result="Success" success="True" time="8.629" asserts="0">
                                <results>
                                  <test-case name="br.com.devdream.encurtador.bo.teste.AcessoTeste.ConsolidarAcessoMensal" executed="True" result="Success" success="True" time="8.484" asserts="1" />
                                  <test-case name="br.com.devdream.encurtador.bo.teste.AcessoTeste.ConsolidarAcessoTotal" executed="True" result="Success" success="True" time="0.115" asserts="1" />
                                </results>
                              </test-suite>
                              <test-suite type="TestFixture" name="Url" executed="True" result="Success" success="True" time="1.057" asserts="0">
                                <results>
                                  <test-case name="br.com.devdream.encurtador.bo.teste.Url.Criar" executed="True" result="Success" success="True" time="0.910" asserts="1" />
                                  <test-case name="br.com.devdream.encurtador.bo.teste.Url.Existe" executed="True" result="Success" success="True" time="0.002" asserts="1" />
                                  <test-case name="br.com.devdream.encurtador.bo.teste.Url.Obter" executed="True" result="Success" success="True" time="0.052" asserts="0" />
                                  <test-case name="br.com.devdream.encurtador.bo.teste.Url.ObterCaractereEleitoDois" executed="True" result="Success" success="True" time="0.026" asserts="1" />
                                  <test-case name="br.com.devdream.encurtador.bo.teste.Url.ObterCaractereEleitoQuatro" executed="True" result="Success" success="True" time="0.000" asserts="1" />
                                  <test-case name="br.com.devdream.encurtador.bo.teste.Url.ObterCaractereEleitoTres" executed="True" result="Success" success="True" time="0.000" asserts="1" />
                                  <test-case name="br.com.devdream.encurtador.bo.teste.Url.ObterCaractereEleitoUm" executed="True" result="Success" success="True" time="0.000" asserts="1" />
                                  <test-case name="br.com.devdream.encurtador.bo.teste.Url.ValidarEnderecoCorreto" executed="True" result="Success" success="True" time="0.020" asserts="1" />
                                  <test-case name="br.com.devdream.encurtador.bo.teste.Url.ValidarEnderecoErrado" executed="True" result="Success" success="True" time="0.019" asserts="1" />
                                </results>
                              </test-suite>
                            </results>
                          </test-suite>
                        </results>
                      </test-suite>
                    </results>
                  </test-suite>
                </results>
              </test-suite>
            </results>
          </test-suite>
        </results>
      </test-suite>
    </results>
  </test-suite>
</test-results>